<?xml version="1.0" encoding="UTF-8"?>
<testng-results skipped="0" failed="0" ignored="0" total="4" passed="4">
  <reporter-output>
  </reporter-output>
  <suite name="Suite" duration-ms="57" started-at="2019-03-03T07:12:18Z" finished-at="2019-03-03T07:12:18Z">
    <groups>
    </groups>
    <test name="Test" duration-ms="57" started-at="2019-03-03T07:12:18Z" finished-at="2019-03-03T07:12:18Z">
      <class name="BasicAnnoatations.Module2">
        <test-method status="PASS" signature="beforeSuite()[pri:0, instance:BasicAnnoatations.Module2@100fc185]" name="beforeSuite" is-config="true" duration-ms="11" started-at="2019-03-03T07:12:18Z" finished-at="2019-03-03T07:12:18Z">
          <reporter-output>
          </reporter-output>
        </test-method> <!-- beforeSuite -->
        <test-method status="PASS" signature="beforeModule()[pri:0, instance:BasicAnnoatations.Module2@100fc185]" name="beforeModule" is-config="true" duration-ms="0" started-at="2019-03-03T07:12:18Z" finished-at="2019-03-03T07:12:18Z">
          <reporter-output>
          </reporter-output>
        </test-method> <!-- beforeModule -->
        <test-method status="PASS" signature="beforeTestScript()[pri:0, instance:BasicAnnoatations.Module2@100fc185]" name="beforeTestScript" is-config="true" duration-ms="0" started-at="2019-03-03T07:12:18Z" finished-at="2019-03-03T07:12:18Z">
          <reporter-output>
          </reporter-output>
        </test-method> <!-- beforeTestScript -->
        <test-method status="PASS" signature="test3()[pri:0, instance:BasicAnnoatations.Module2@100fc185]" name="test3" duration-ms="2" started-at="2019-03-03T07:12:18Z" finished-at="2019-03-03T07:12:18Z">
          <reporter-output>
          </reporter-output>
        </test-method> <!-- test3 -->
        <test-method status="PASS" signature="afterTestScript()[pri:0, instance:BasicAnnoatations.Module2@100fc185]" name="afterTestScript" is-config="true" duration-ms="0" started-at="2019-03-03T07:12:18Z" finished-at="2019-03-03T07:12:18Z">
          <reporter-output>
          </reporter-output>
        </test-method> <!-- afterTestScript -->
        <test-method status="PASS" signature="beforeTestScript()[pri:0, instance:BasicAnnoatations.Module2@100fc185]" name="beforeTestScript" is-config="true" duration-ms="1" started-at="2019-03-03T07:12:18Z" finished-at="2019-03-03T07:12:18Z">
          <reporter-output>
          </reporter-output>
        </test-method> <!-- beforeTestScript -->
        <test-method status="PASS" signature="test4()[pri:0, instance:BasicAnnoatations.Module2@100fc185]" name="test4" duration-ms="4" started-at="2019-03-03T07:12:18Z" finished-at="2019-03-03T07:12:18Z">
          <reporter-output>
          </reporter-output>
        </test-method> <!-- test4 -->
        <test-method status="PASS" signature="afterTestScript()[pri:0, instance:BasicAnnoatations.Module2@100fc185]" name="afterTestScript" is-config="true" duration-ms="0" started-at="2019-03-03T07:12:18Z" finished-at="2019-03-03T07:12:18Z">
          <reporter-output>
          </reporter-output>
        </test-method> <!-- afterTestScript -->
        <test-method status="PASS" signature="AfterModule()[pri:0, instance:BasicAnnoatations.Module2@100fc185]" name="AfterModule" is-config="true" duration-ms="1" started-at="2019-03-03T07:12:18Z" finished-at="2019-03-03T07:12:18Z">
          <reporter-output>
          </reporter-output>
        </test-method> <!-- AfterModule -->
      </class> <!-- BasicAnnoatations.Module2 -->
      <class name="BasicAnnoatations.Module1">
        <test-method status="PASS" signature="beforeModule()[pri:0, instance:BasicAnnoatations.Module1@643b1d11]" name="beforeModule" is-config="true" duration-ms="0" started-at="2019-03-03T07:12:18Z" finished-at="2019-03-03T07:12:18Z">
          <reporter-output>
          </reporter-output>
        </test-method> <!-- beforeModule -->
        <test-method status="PASS" signature="beforeTestScript()[pri:0, instance:BasicAnnoatations.Module1@643b1d11]" name="beforeTestScript" is-config="true" duration-ms="0" started-at="2019-03-03T07:12:18Z" finished-at="2019-03-03T07:12:18Z">
          <reporter-output>
          </reporter-output>
        </test-method> <!-- beforeTestScript -->
        <test-method status="PASS" signature="test1()[pri:0, instance:BasicAnnoatations.Module1@643b1d11]" name="test1" duration-ms="8" started-at="2019-03-03T07:12:18Z" finished-at="2019-03-03T07:12:18Z">
          <reporter-output>
          </reporter-output>
        </test-method> <!-- test1 -->
        <test-method status="PASS" signature="afterTestScript()[pri:0, instance:BasicAnnoatations.Module1@643b1d11]" name="afterTestScript" is-config="true" duration-ms="0" started-at="2019-03-03T07:12:18Z" finished-at="2019-03-03T07:12:18Z">
          <reporter-output>
          </reporter-output>
        </test-method> <!-- afterTestScript -->
        <test-method status="PASS" signature="beforeTestScript()[pri:0, instance:BasicAnnoatations.Module1@643b1d11]" name="beforeTestScript" is-config="true" duration-ms="0" started-at="2019-03-03T07:12:18Z" finished-at="2019-03-03T07:12:18Z">
          <reporter-output>
          </reporter-output>
        </test-method> <!-- beforeTestScript -->
        <test-method status="PASS" signature="test2()[pri:0, instance:BasicAnnoatations.Module1@643b1d11]" name="test2" duration-ms="3" started-at="2019-03-03T07:12:18Z" finished-at="2019-03-03T07:12:18Z">
          <reporter-output>
          </reporter-output>
        </test-method> <!-- test2 -->
        <test-method status="PASS" signature="afterTestScript()[pri:0, instance:BasicAnnoatations.Module1@643b1d11]" name="afterTestScript" is-config="true" duration-ms="1" started-at="2019-03-03T07:12:18Z" finished-at="2019-03-03T07:12:18Z">
          <reporter-output>
          </reporter-output>
        </test-method> <!-- afterTestScript -->
        <test-method status="PASS" signature="AfterModule()[pri:0, instance:BasicAnnoatations.Module1@643b1d11]" name="AfterModule" is-config="true" duration-ms="1" started-at="2019-03-03T07:12:18Z" finished-at="2019-03-03T07:12:18Z">
          <reporter-output>
          </reporter-output>
        </test-method> <!-- AfterModule -->
      </class> <!-- BasicAnnoatations.Module1 -->
    </test> <!-- Test -->
  </suite> <!-- Suite -->
</testng-results>
