<?xml version="1.0" encoding="UTF-8"?>
<!-- Generated by org.testng.reporters.JUnitXMLReporter -->
<testsuite hostname="DESKTOP-J4EF022" ignored="0" name="Test" tests="4" failures="0" timestamp="03 Mar 2019 07:12:18 GMT" time="0.057" errors="0">
  <testcase name="test1" time="0.008" classname="BasicAnnoatations.Module1"/>
  <testcase name="test2" time="0.003" classname="BasicAnnoatations.Module1"/>
  <testcase name="test3" time="0.002" classname="BasicAnnoatations.Module2"/>
  <testcase name="test4" time="0.004" classname="BasicAnnoatations.Module2"/>
</testsuite> <!-- Test -->
